<?xml version="1.0" encoding="UTF-8"?>
<testsuite name="com.cryptx.cryptx.viewmodel.HoldingViewModelTest" tests="2" skipped="0" failures="0" errors="0" timestamp="2026-01-11T23:43:21.560Z" hostname="DESKTOP-UC84C3H" time="0.134">
  <properties/>
  <testcase name="loadHolding_existingSymbol_setsHolding[jvm]" classname="com.cryptx.cryptx.viewmodel.HoldingViewModelTest" time="0.131"/>
  <testcase name="loadHolding_missingSymbol_setsNull[jvm]" classname="com.cryptx.cryptx.viewmodel.HoldingViewModelTest" time="0.002"/>
  <system-out><![CDATA[]]></system-out>
  <system-err><![CDATA[]]></system-err>
</testsuite>
